<?xml version="1.0" encoding="UTF-8"?>
<!-- Generated by org.testng.reporters.JUnitXMLReporter -->
<testsuite ignored="5" hostname="DESKTOP-EQGDIG6" failures="0" tests="4" name="UI Test" time="19.971" errors="0" timestamp="2024-10-20T07:08:37 IST">
  <testcase classname="testCases.UI_test" name="flipkartImgView" time="0.386"/>
  <testcase classname="testCases.UI_test" name="addToCartClick" time="0.349"/>
  <testcase classname="testCases.UI_test" name="sellerStoriesClick" time="12.353"/>
  <testcase classname="testCases.UI_test" name="loginBtnClickable" time="6.627"/>
  <testcase classname="testCases.UI_test" name="uiTest" time="0.0">
    <ignored/>
  </testcase> <!-- uiTest -->
  <testcase classname="testCases.UI_test" name="setup" time="0.0">
    <ignored/>
  </testcase> <!-- setup -->
  <testcase classname="testCases.UI_test" name="helpDropDownClick" time="0.0">
    <ignored/>
  </testcase> <!-- helpDropDownClick -->
  <testcase classname="testCases.UI_test" name="clickWithRetry" time="0.0">
    <ignored/>
  </testcase> <!-- clickWithRetry -->
  <testcase classname="testCases.UI_test" name="switchToNewWindow" time="0.0">
    <ignored/>
  </testcase> <!-- switchToNewWindow -->
</testsuite> <!-- UI Test -->
